19 Mar 2025 16:54:55,715 INFO  org.example.repository.impl.AgentRepositoryImpl 24 <init> - Initialising Agent Repository with properties: {}
19 Mar 2025 16:54:55,723 INFO  org.example.repository.impl.BookingRepositoryImpl 21 <init> - Initialising Booking Repository with properties: {}
19 Mar 2025 16:54:55,726 INFO  org.example.repository.impl.FlightRepositoryImpl 20 <init> - Initialising Flight Repository with properties: {}
19 Mar 2025 17:00:30,553 INFO  org.example.repository.impl.AgentRepositoryImpl 24 <init> - Initialising Agent Repository with properties: {}
19 Mar 2025 17:00:30,562 INFO  org.example.repository.impl.BookingRepositoryImpl 21 <init> - Initialising Booking Repository with properties: {}
19 Mar 2025 17:00:30,565 INFO  org.example.repository.impl.FlightRepositoryImpl 20 <init> - Initialising Flight Repository with properties: {}
19 Mar 2025 17:00:30,569 TRACE org.example.repository.impl.JdbcUtils 44 getConnection - Enter
19 Mar 2025 17:00:30,569 TRACE org.example.repository.impl.JdbcUtils 22 getNewConnection - Enter
19 Mar 2025 17:00:30,570 INFO  org.example.repository.impl.JdbcUtils 26 getNewConnection - trying to connect to database ... null
19 Mar 2025 17:00:30,570 INFO  org.example.repository.impl.JdbcUtils 27 getNewConnection - user: null
19 Mar 2025 17:00:30,571 INFO  org.example.repository.impl.JdbcUtils 28 getNewConnection - pass: null
19 Mar 2025 17:00:30,577 ERROR org.example.repository.impl.JdbcUtils 37 getNewConnection - java.sql.SQLException: The url cannot be null
19 Mar 2025 17:00:30,578 TRACE org.example.repository.impl.JdbcUtils 53 getConnection - Exit
19 Mar 2025 17:05:16,173 INFO  org.example.repository.impl.AgentRepositoryImpl 24 <init> - Initialising Agent Repository with properties: {}
19 Mar 2025 17:05:16,183 INFO  org.example.repository.impl.BookingRepositoryImpl 21 <init> - Initialising Booking Repository with properties: {}
19 Mar 2025 17:05:16,186 INFO  org.example.repository.impl.FlightRepositoryImpl 20 <init> - Initialising Flight Repository with properties: {}
19 Mar 2025 17:05:16,188 TRACE org.example.repository.impl.JdbcUtils 44 getConnection - Enter
19 Mar 2025 17:05:16,189 TRACE org.example.repository.impl.JdbcUtils 22 getNewConnection - Enter
19 Mar 2025 17:05:16,191 INFO  org.example.repository.impl.JdbcUtils 26 getNewConnection - trying to connect to database ... null
19 Mar 2025 17:05:16,192 INFO  org.example.repository.impl.JdbcUtils 27 getNewConnection - user: null
19 Mar 2025 17:05:16,192 INFO  org.example.repository.impl.JdbcUtils 28 getNewConnection - pass: null
19 Mar 2025 17:05:16,195 ERROR org.example.repository.impl.JdbcUtils 37 getNewConnection - java.sql.SQLException: The url cannot be null
19 Mar 2025 17:05:16,196 TRACE org.example.repository.impl.JdbcUtils 53 getConnection - Exit
19 Mar 2025 17:07:32,172 INFO  org.example.repository.impl.AgentRepositoryImpl 24 <init> - Initialising Agent Repository with properties: {}
19 Mar 2025 17:07:32,181 INFO  org.example.repository.impl.BookingRepositoryImpl 21 <init> - Initialising Booking Repository with properties: {}
19 Mar 2025 17:07:32,184 INFO  org.example.repository.impl.FlightRepositoryImpl 20 <init> - Initialising Flight Repository with properties: {}
19 Mar 2025 17:07:32,188 TRACE org.example.repository.impl.JdbcUtils 44 getConnection - Enter
19 Mar 2025 17:07:32,188 TRACE org.example.repository.impl.JdbcUtils 22 getNewConnection - Enter
19 Mar 2025 17:07:32,189 INFO  org.example.repository.impl.JdbcUtils 26 getNewConnection - trying to connect to database ... null
19 Mar 2025 17:07:32,189 INFO  org.example.repository.impl.JdbcUtils 27 getNewConnection - user: null
19 Mar 2025 17:07:32,191 INFO  org.example.repository.impl.JdbcUtils 28 getNewConnection - pass: null
19 Mar 2025 17:07:32,195 ERROR org.example.repository.impl.JdbcUtils 37 getNewConnection - java.sql.SQLException: The url cannot be null
19 Mar 2025 17:07:32,196 TRACE org.example.repository.impl.JdbcUtils 53 getConnection - Exit
19 Mar 2025 17:27:20,694 INFO  org.example.repository.impl.AgentRepositoryImpl 24 <init> - Initialising Agent Repository with properties: {}
19 Mar 2025 17:27:20,704 INFO  org.example.repository.impl.BookingRepositoryImpl 21 <init> - Initialising Booking Repository with properties: {}
19 Mar 2025 17:27:20,705 INFO  org.example.repository.impl.FlightRepositoryImpl 20 <init> - Initialising Flight Repository with properties: {}
19 Mar 2025 17:27:30,670 TRACE org.example.repository.impl.JdbcUtils 44 getConnection - Enter
19 Mar 2025 17:27:30,671 TRACE org.example.repository.impl.JdbcUtils 22 getNewConnection - Enter
19 Mar 2025 17:27:30,673 INFO  org.example.repository.impl.JdbcUtils 26 getNewConnection - trying to connect to database ... null
19 Mar 2025 17:27:30,674 INFO  org.example.repository.impl.JdbcUtils 27 getNewConnection - user: null
19 Mar 2025 17:27:30,675 INFO  org.example.repository.impl.JdbcUtils 28 getNewConnection - pass: null
19 Mar 2025 17:27:30,685 ERROR org.example.repository.impl.JdbcUtils 37 getNewConnection - java.sql.SQLException: The url cannot be null
19 Mar 2025 17:27:30,690 TRACE org.example.repository.impl.JdbcUtils 53 getConnection - Exit
